<?xml version="1.0" encoding="UTF-8"?>
<!-- Generated by org.testng.reporters.JUnitReportReporter -->
<testsuite hostname="DESKTOP-EJE643E" failures="0" tests="1" name="testcases.adminpanel.admins.Admins" time="3.260" errors="0" timestamp="2024-05-10T00:44:47 CDT" skipped="0">
  <testcase classname="testcases.adminpanel.admins.Admins" name="doLogin" time="3.260"/>
</testsuite> <!-- testcases.adminpanel.admins.Admins -->
