<?xml version="1.0" encoding="UTF-8"?>
<!-- Generated by org.testng.reporters.JUnitReportReporter -->
<testsuite hostname="DESKTOP-EJE643E" failures="0" tests="1" name="testcases.adminpanel.admins.Admins" time="3.089" errors="0" timestamp="2024-05-09T23:38:54 CDT" skipped="0">
  <testcase classname="testcases.adminpanel.admins.Admins" name="doLogin" time="3.089"/>
</testsuite> <!-- testcases.adminpanel.admins.Admins -->
