<?xml version="1.0" encoding="UTF-8"?>
<!-- Generated by org.testng.reporters.JUnitReportReporter -->
<testsuite hostname="DESKTOP-EJE643E" failures="0" tests="1" name="testcases.adminpanel.admins.Admins" time="2.938" errors="0" timestamp="2024-05-12T01:34:33 CDT" skipped="0">
  <testcase classname="testcases.adminpanel.admins.Admins" name="doLogin" time="2.938"/>
</testsuite> <!-- testcases.adminpanel.admins.Admins -->
